2023-03-06T06:32:52+00:00 subinrachaelkim#01 I: Start test all:0:make_point/get_coords.
2023-03-06T06:32:52+00:00 subinrachaelkim#01 I: Test all:0:make_point/get_coords is successful.
2023-03-06T06:32:52+00:00 subinrachaelkim#01 I: End test all:0:make_point/get_coords.
2023-03-06T06:32:52+00:00 subinrachaelkim#01 I: Start test all:2:segment_length.
2023-03-06T06:32:52+00:00 subinrachaelkim#01 I: Test all:2:segment_length is successful.
2023-03-06T06:32:52+00:00 subinrachaelkim#01 I: End test all:2:segment_length.
2023-03-06T06:32:52+00:00 subinrachaelkim#01 I: Start test all:4:make_rectangle.
2023-03-06T06:32:52+00:00 subinrachaelkim#01 I: Test all:4:make_rectangle is successful.
2023-03-06T06:32:52+00:00 subinrachaelkim#01 I: End test all:4:make_rectangle.
2023-03-06T06:32:52+00:00 subinrachaelkim#01 I: Start test all:6:integer pairs.
2023-03-06T06:32:52+00:00 subinrachaelkim#01 I: Test all:6:integer pairs is successful.
2023-03-06T06:32:52+00:00 subinrachaelkim#01 I: End test all:6:integer pairs.
2023-03-06T06:32:52+00:00 subinrachaelkim#01 I: Start test all:8:unary integers 2.
2023-03-06T06:32:52+00:00 subinrachaelkim#01 I: Test all:8:unary integers 2 is successful.
2023-03-06T06:32:52+00:00 subinrachaelkim#01 I: End test all:8:unary integers 2.
2023-03-06T06:32:52+00:00 subinrachaelkim#01 I: Start test all:9:is_balanced.
2023-03-06T06:32:52+00:00 subinrachaelkim#01 I: Test all:9:is_balanced is successful.
2023-03-06T06:32:52+00:00 subinrachaelkim#01 I: End test all:9:is_balanced.
2023-03-06T06:32:52+00:00 subinrachaelkim#01 I: Start test all:10:is_balanced'.
2023-03-06T06:32:52+00:00 subinrachaelkim#01 I: Test all:10:is_balanced' is successful.
2023-03-06T06:32:52+00:00 subinrachaelkim#01 I: End test all:10:is_balanced'.
2023-03-06T06:32:52+00:00 subinrachaelkim#01 I: Start test all:11:square_tree.
2023-03-06T06:32:52+00:00 subinrachaelkim#01 I: Test all:11:square_tree is successful.
2023-03-06T06:32:52+00:00 subinrachaelkim#01 I: End test all:11:square_tree.
2023-03-06T06:32:52+00:00 subinrachaelkim#01 I: Start test all:13:simplify.
2023-03-06T06:32:52+00:00 subinrachaelkim#01 I: Test all:13:simplify is successful.
2023-03-06T06:32:52+00:00 subinrachaelkim#01 I: End test all:13:simplify.
