  3  9  8  5
  2  . 15 14
  4 10 11 13
  1  6 12  7

  3  .  8  5
  2  9 15 14
  4 10 11 13
  1  6 12  7

  .  3  8  5
  2  9 15 14
  4 10 11 13
  1  6 12  7

  2  3  8  5
  .  9 15 14
  4 10 11 13
  1  6 12  7

  2  3  8  5
  4  9 15 14
  . 10 11 13
  1  6 12  7

  2  3  8  5
  4  9 15 14
  1 10 11 13
  .  6 12  7

  2  3  8  5
  4  9 15 14
  1 10 11 13
  6  . 12  7

  2  3  8  5
  4  9 15 14
  1  . 11 13
  6 10 12  7

  2  3  8  5
  4  . 15 14
  1  9 11 13
  6 10 12  7

  2  3  8  5
  .  4 15 14
  1  9 11 13
  6 10 12  7

  2  3  8  5
  1  4 15 14
  .  9 11 13
  6 10 12  7

  2  3  8  5
  1  4 15 14
  9  . 11 13
  6 10 12  7

  2  3  8  5
  1  4 15 14
  9 11  . 13
  6 10 12  7

  2  3  8  5
  1  4 15 14
  9 11 13  .
  6 10 12  7

  2  3  8  5
  1  4 15 14
  9 11 13  7
  6 10 12  .

  2  3  8  5
  1  4 15 14
  9 11 13  7
  6 10  . 12

  2  3  8  5
  1  4 15 14
  9 11  .  7
  6 10 13 12

  2  3  8  5
  1  4  . 14
  9 11 15  7
  6 10 13 12

  2  3  8  5
  1  .  4 14
  9 11 15  7
  6 10 13 12

  2  3  8  5
  1 11  4 14
  9  . 15  7
  6 10 13 12

  2  3  8  5
  1 11  4 14
  9 10 15  7
  6  . 13 12

  2  3  8  5
  1 11  4 14
  9 10 15  7
  6 13  . 12

  2  3  8  5
  1 11  4 14
  9 10  .  7
  6 13 15 12

  2  3  8  5
  1 11  4 14
  9 10  7  .
  6 13 15 12

  2  3  8  5
  1 11  4  .
  9 10  7 14
  6 13 15 12

  2  3  8  5
  1 11  .  4
  9 10  7 14
  6 13 15 12

  2  3  .  5
  1 11  8  4
  9 10  7 14
  6 13 15 12

  2  3  5  .
  1 11  8  4
  9 10  7 14
  6 13 15 12

  2  3  5  4
  1 11  8  .
  9 10  7 14
  6 13 15 12

  2  3  5  4
  1 11  .  8
  9 10  7 14
  6 13 15 12

  2  3  .  4
  1 11  5  8
  9 10  7 14
  6 13 15 12

  2  .  3  4
  1 11  5  8
  9 10  7 14
  6 13 15 12

  .  2  3  4
  1 11  5  8
  9 10  7 14
  6 13 15 12

  1  2  3  4
  . 11  5  8
  9 10  7 14
  6 13 15 12

  1  2  3  4
  9 11  5  8
  . 10  7 14
  6 13 15 12

  1  2  3  4
  9 11  5  8
  6 10  7 14
  . 13 15 12

  1  2  3  4
  9 11  5  8
  6 10  7 14
 13  . 15 12

  1  2  3  4
  9 11  5  8
  6  .  7 14
 13 10 15 12

  1  2  3  4
  9  .  5  8
  6 11  7 14
 13 10 15 12

  1  2  3  4
  9  5  .  8
  6 11  7 14
 13 10 15 12

  1  2  3  4
  9  5  7  8
  6 11  . 14
 13 10 15 12

  1  2  3  4
  9  5  7  8
  6 11 14  .
 13 10 15 12

  1  2  3  4
  9  5  7  8
  6 11 14 12
 13 10 15  .

  1  2  3  4
  9  5  7  8
  6 11 14 12
 13 10  . 15

  1  2  3  4
  9  5  7  8
  6 11  . 12
 13 10 14 15

  1  2  3  4
  9  5  7  8
  6  . 11 12
 13 10 14 15

  1  2  3  4
  9  5  7  8
  .  6 11 12
 13 10 14 15

  1  2  3  4
  .  5  7  8
  9  6 11 12
 13 10 14 15

  1  2  3  4
  5  .  7  8
  9  6 11 12
 13 10 14 15

  1  2  3  4
  5  6  7  8
  9  . 11 12
 13 10 14 15

  1  2  3  4
  5  6  7  8
  9 10 11 12
 13  . 14 15

  1  2  3  4
  5  6  7  8
  9 10 11 12
 13 14  . 15

  1  2  3  4
  5  6  7  8
  9 10 11 12
 13 14 15  .

52
