2023-02-01T07:59:25+00:00 subinrachaelkim#00 I: Runner: processes
2023-02-01T07:59:25+00:00 subinrachaelkim#00 I: Chooser: simple
2023-02-01T07:59:25+00:00 subinrachaelkim#00 I: Configuration suite_name = "all"
2023-02-01T07:59:25+00:00 subinrachaelkim#00 I: Configuration cache_filename = "/Users/subinrachaelkim/Caltech/CS4/HW/lab3/oUnit-$(suite_name).cache"
2023-02-01T07:59:25+00:00 subinrachaelkim#00 I: Configuration run_gc_full_major = "true"
2023-02-01T07:59:25+00:00 subinrachaelkim#00 I: Configuration display = "true"
2023-02-01T07:59:25+00:00 subinrachaelkim#00 I: Configuration results_style_1_X = "false"
2023-02-01T07:59:25+00:00 subinrachaelkim#00 I: Configuration testdata_dir = "none"
2023-02-01T07:59:25+00:00 subinrachaelkim#00 I: Configuration health_check_interval = "1."
2023-02-01T07:59:25+00:00 subinrachaelkim#00 I: Configuration verbose = "false"
2023-02-01T07:59:25+00:00 subinrachaelkim#00 I: Configuration chooser = "simple"
2023-02-01T07:59:25+00:00 subinrachaelkim#00 I: Configuration output_html_dir = "none"
2023-02-01T07:59:25+00:00 subinrachaelkim#00 I: Configuration processes_kill_period = "5."
2023-02-01T07:59:25+00:00 subinrachaelkim#00 I: Configuration runner = "processes"
2023-02-01T07:59:25+00:00 subinrachaelkim#00 I: Configuration shards = "2"
2023-02-01T07:59:25+00:00 subinrachaelkim#00 I: Configuration processes_grace_period = "5."
2023-02-01T07:59:25+00:00 subinrachaelkim#00 I: Configuration log_encoding = "utf-8"
2023-02-01T07:59:25+00:00 subinrachaelkim#00 I: Configuration output_junit_file = "none"
2023-02-01T07:59:25+00:00 subinrachaelkim#00 I: Configuration ci = "false"
2023-02-01T07:59:25+00:00 subinrachaelkim#00 I: Configuration output_file = "/Users/subinrachaelkim/Caltech/CS4/HW/lab3/oUnit-$(suite_name)-$(shard_id).log"
2023-02-01T07:59:25+00:00 subinrachaelkim#00 I: Using 2 workers maximum.
2023-02-01T07:59:25+00:00 subinrachaelkim#00 I: Starting worker number subinrachaelkim#01.
2023-02-01T07:59:25+00:00 subinrachaelkim#00 I: Worker subinrachaelkim#01 started.
2023-02-01T07:59:25+00:00 subinrachaelkim#00 I: Starting worker number subinrachaelkim#02.
2023-02-01T07:59:25+00:00 subinrachaelkim#00 I: Worker subinrachaelkim#02 started.
2023-02-01T07:59:25+00:00 subinrachaelkim#00 I: 2 tests running: all:1:reverse, all:0:last_sublist.
2023-02-01T07:59:25+00:00 subinrachaelkim#01 I: Start test all:0:last_sublist.
2023-02-01T07:59:25+00:00 subinrachaelkim#00 I: 2 tests running: all:1:reverse, all:0:last_sublist.
2023-02-01T07:59:25+00:00 subinrachaelkim#02 I: Start test all:1:reverse.
2023-02-01T07:59:25+00:00 subinrachaelkim#00 I: 2 tests running: all:1:reverse, all:0:last_sublist.
2023-02-01T07:59:25+00:00 subinrachaelkim#01 I: Test all:0:last_sublist is successful.
2023-02-01T07:59:25+00:00 subinrachaelkim#00 I: 2 tests running: all:1:reverse, all:0:last_sublist.
2023-02-01T07:59:25+00:00 subinrachaelkim#01 I: End test all:0:last_sublist.
2023-02-01T07:59:25+00:00 subinrachaelkim#00 I: 2 tests running: all:1:reverse, all:0:last_sublist.
2023-02-01T07:59:25+00:00 subinrachaelkim#02 I: Test all:1:reverse is successful.
2023-02-01T07:59:25+00:00 subinrachaelkim#00 I: 2 tests running: all:2:square_list, all:1:reverse.
2023-02-01T07:59:25+00:00 subinrachaelkim#02 I: End test all:1:reverse.
2023-02-01T07:59:25+00:00 subinrachaelkim#01 I: Start test all:2:square_list.
2023-02-01T07:59:25+00:00 subinrachaelkim#00 I: 2 tests running: all:2:square_list, all:1:reverse.
2023-02-01T07:59:25+00:00 subinrachaelkim#00 I: 2 tests running: all:3:square_list2, all:2:square_list.
2023-02-01T07:59:25+00:00 subinrachaelkim#02 I: Start test all:3:square_list2.
2023-02-01T07:59:25+00:00 subinrachaelkim#00 I: 2 tests running: all:3:square_list2, all:2:square_list.
2023-02-01T07:59:25+00:00 subinrachaelkim#01 I: Test all:2:square_list is successful.
2023-02-01T07:59:25+00:00 subinrachaelkim#00 I: 2 tests running: all:3:square_list2, all:2:square_list.
2023-02-01T07:59:25+00:00 subinrachaelkim#01 I: End test all:2:square_list.
2023-02-01T07:59:25+00:00 subinrachaelkim#00 I: 2 tests running: all:3:square_list2, all:2:square_list.
2023-02-01T07:59:25+00:00 subinrachaelkim#02 I: Test all:3:square_list2 is successful.
2023-02-01T07:59:25+00:00 subinrachaelkim#00 I: 2 tests running: all:4:count_negative_numbers, all:3:square_list2.
2023-02-01T07:59:25+00:00 subinrachaelkim#02 I: End test all:3:square_list2.
2023-02-01T07:59:25+00:00 subinrachaelkim#01 I: Start test all:4:count_negative_numbers.
2023-02-01T07:59:25+00:00 subinrachaelkim#00 I: 2 tests running: all:4:count_negative_numbers, all:3:square_list2.
2023-02-01T07:59:25+00:00 subinrachaelkim#00 I: 2 tests running: all:5:power_of_two_list, all:4:count_negative_numbers.
2023-02-01T07:59:25+00:00 subinrachaelkim#02 I: Start test all:5:power_of_two_list.
2023-02-01T07:59:25+00:00 subinrachaelkim#00 I: 2 tests running: all:5:power_of_two_list, all:4:count_negative_numbers.
2023-02-01T07:59:25+00:00 subinrachaelkim#01 I: Test all:4:count_negative_numbers is successful.
2023-02-01T07:59:25+00:00 subinrachaelkim#00 I: 2 tests running: all:5:power_of_two_list, all:4:count_negative_numbers.
2023-02-01T07:59:25+00:00 subinrachaelkim#01 I: End test all:4:count_negative_numbers.
2023-02-01T07:59:25+00:00 subinrachaelkim#02 I: Test all:5:power_of_two_list is successful.
2023-02-01T07:59:25+00:00 subinrachaelkim#00 I: 2 tests running: all:5:power_of_two_list, all:4:count_negative_numbers.
2023-02-01T07:59:25+00:00 subinrachaelkim#02 I: End test all:5:power_of_two_list.
2023-02-01T07:59:25+00:00 subinrachaelkim#00 I: 2 tests running: all:6:prefix_sum, all:5:power_of_two_list.
2023-02-01T07:59:25+00:00 subinrachaelkim#01 I: Start test all:6:prefix_sum.
2023-02-01T07:59:25+00:00 subinrachaelkim#00 I: 2 tests running: all:7:deep_reverse, all:6:prefix_sum.
2023-02-01T07:59:25+00:00 subinrachaelkim#02 I: Start test all:7:deep_reverse.
2023-02-01T07:59:25+00:00 subinrachaelkim#00 I: 2 tests running: all:7:deep_reverse, all:6:prefix_sum.
2023-02-01T07:59:25+00:00 subinrachaelkim#01 I: Test all:6:prefix_sum is successful.
2023-02-01T07:59:25+00:00 subinrachaelkim#00 I: 2 tests running: all:7:deep_reverse, all:6:prefix_sum.
2023-02-01T07:59:25+00:00 subinrachaelkim#01 I: End test all:6:prefix_sum.
2023-02-01T07:59:25+00:00 subinrachaelkim#02 I: Test all:7:deep_reverse is successful.
2023-02-01T07:59:25+00:00 subinrachaelkim#00 I: 2 tests running: all:7:deep_reverse, all:6:prefix_sum.
2023-02-01T07:59:25+00:00 subinrachaelkim#02 I: End test all:7:deep_reverse.
2023-02-01T07:59:25+00:00 subinrachaelkim#00 I: 2 tests running: all:8:deep_reverse_nested, all:7:deep_reverse.
2023-02-01T07:59:25+00:00 subinrachaelkim#01 I: Start test all:8:deep_reverse_nested.
2023-02-01T07:59:25+00:00 subinrachaelkim#00 I: 2 tests running: all:9:quicksort, all:8:deep_reverse_nested.
2023-02-01T07:59:25+00:00 subinrachaelkim#02 I: Start test all:9:quicksort.
2023-02-01T07:59:25+00:00 subinrachaelkim#00 I: 2 tests running: all:9:quicksort, all:8:deep_reverse_nested.
2023-02-01T07:59:25+00:00 subinrachaelkim#01 I: Test all:8:deep_reverse_nested is successful.
2023-02-01T07:59:25+00:00 subinrachaelkim#00 I: 2 tests running: all:9:quicksort, all:8:deep_reverse_nested.
2023-02-01T07:59:25+00:00 subinrachaelkim#01 I: End test all:8:deep_reverse_nested.
2023-02-01T07:59:25+00:00 subinrachaelkim#00 I: 2 tests running: all:9:quicksort, all:8:deep_reverse_nested.
2023-02-01T07:59:25+00:00 subinrachaelkim#00 I: 2 tests running: all:10:insertion_sort, all:9:quicksort.
2023-02-01T07:59:25+00:00 subinrachaelkim#01 I: Start test all:10:insertion_sort.
2023-02-01T07:59:25+00:00 subinrachaelkim#00 I: 2 tests running: all:10:insertion_sort, all:9:quicksort.
2023-02-01T07:59:25+00:00 subinrachaelkim#02 I: Test all:9:quicksort is successful.
2023-02-01T07:59:25+00:00 subinrachaelkim#00 I: 2 tests running: all:10:insertion_sort, all:9:quicksort.
2023-02-01T07:59:25+00:00 subinrachaelkim#02 I: End test all:9:quicksort.
2023-02-01T07:59:25+00:00 subinrachaelkim#00 I: 2 tests running: all:10:insertion_sort, all:9:quicksort.
2023-02-01T07:59:25+00:00 subinrachaelkim#00 I: 2 tests running: all:11:subsets, all:10:insertion_sort.
2023-02-01T07:59:25+00:00 subinrachaelkim#02 I: Start test all:11:subsets.
2023-02-01T07:59:25+00:00 subinrachaelkim#00 I: 2 tests running: all:11:subsets, all:10:insertion_sort.
2023-02-01T07:59:25+00:00 subinrachaelkim#01 I: Test all:10:insertion_sort is successful.
2023-02-01T07:59:25+00:00 subinrachaelkim#00 I: 2 tests running: all:11:subsets, all:10:insertion_sort.
2023-02-01T07:59:25+00:00 subinrachaelkim#01 I: End test all:10:insertion_sort.
2023-02-01T07:59:25+00:00 subinrachaelkim#00 I: 2 tests running: all:11:subsets, all:10:insertion_sort.
2023-02-01T07:59:25+00:00 subinrachaelkim#00 I: 2 tests running: all:12:map, append, length, all:11:subsets.
2023-02-01T07:59:25+00:00 subinrachaelkim#01 I: Start test all:12:map, append, length.
2023-02-01T07:59:25+00:00 subinrachaelkim#00 I: 2 tests running: all:12:map, append, length, all:11:subsets.
2023-02-01T07:59:25+00:00 subinrachaelkim#02 I: Test all:11:subsets is successful.
2023-02-01T07:59:25+00:00 subinrachaelkim#00 I: 2 tests running: all:12:map, append, length, all:11:subsets.
2023-02-01T07:59:25+00:00 subinrachaelkim#02 I: End test all:11:subsets.
2023-02-01T07:59:25+00:00 subinrachaelkim#00 I: 2 tests running: all:12:map, append, length, all:11:subsets.
2023-02-01T07:59:25+00:00 subinrachaelkim#00 I: 2 tests running: all:13:accumulate_n, all:12:map, append, length.
2023-02-01T07:59:25+00:00 subinrachaelkim#02 I: Start test all:13:accumulate_n.
2023-02-01T07:59:25+00:00 subinrachaelkim#00 I: 2 tests running: all:13:accumulate_n, all:12:map, append, length.
2023-02-01T07:59:25+00:00 subinrachaelkim#01 I: Test all:12:map, append, length is successful.
2023-02-01T07:59:25+00:00 subinrachaelkim#00 I: 2 tests running: all:13:accumulate_n, all:12:map, append, length.
2023-02-01T07:59:25+00:00 subinrachaelkim#01 I: End test all:12:map, append, length.
2023-02-01T07:59:25+00:00 subinrachaelkim#00 I: 2 tests running: all:13:accumulate_n, all:12:map, append, length.
2023-02-01T07:59:25+00:00 subinrachaelkim#00 I: Still 2 tests running : all:14:dot_product, matrix_times_vector, matrix_times_matrix, all:13:accumulate_n.
2023-02-01T07:59:25+00:00 subinrachaelkim#00 I: 2 tests running: all:14:dot_product, matrix_times_vector, matrix_times_matrix, all:13:accumulate_n.
2023-02-01T07:59:25+00:00 subinrachaelkim#02 I: Test all:13:accumulate_n is successful.
2023-02-01T07:59:25+00:00 subinrachaelkim#00 I: Still 2 tests running : all:14:dot_product, matrix_times_vector, matrix_times_matrix, all:13:accumulate_n.
2023-02-01T07:59:25+00:00 subinrachaelkim#00 I: 2 tests running: all:14:dot_product, matrix_times_vector, matrix_times_matrix, all:13:accumulate_n.
2023-02-01T07:59:25+00:00 subinrachaelkim#02 I: End test all:13:accumulate_n.
2023-02-01T07:59:25+00:00 subinrachaelkim#00 I: Still 2 tests running : all:14:dot_product, matrix_times_vector, matrix_times_matrix, all:13:accumulate_n.
2023-02-01T07:59:25+00:00 subinrachaelkim#00 I: 2 tests running: all:14:dot_product, matrix_times_vector, matrix_times_matrix, all:13:accumulate_n.
2023-02-01T07:59:25+00:00 subinrachaelkim#01 I: Start test all:14:dot_product, matrix_times_vector, matrix_times_matrix.
2023-02-01T07:59:25+00:00 subinrachaelkim#00 I: Still 1 tests running : all:14:dot_product, matrix_times_vector, matrix_times_matrix.
2023-02-01T07:59:25+00:00 subinrachaelkim#00 I: 1 tests running: all:14:dot_product, matrix_times_vector, matrix_times_matrix.
2023-02-01T07:59:25+00:00 subinrachaelkim#01 I: Test all:14:dot_product, matrix_times_vector, matrix_times_matrix is successful.
2023-02-01T07:59:25+00:00 subinrachaelkim#00 I: Still 1 tests running : all:14:dot_product, matrix_times_vector, matrix_times_matrix.
2023-02-01T07:59:25+00:00 subinrachaelkim#00 I: 1 tests running: all:14:dot_product, matrix_times_vector, matrix_times_matrix.
2023-02-01T07:59:25+00:00 subinrachaelkim#01 I: End test all:14:dot_product, matrix_times_vector, matrix_times_matrix.
2023-02-01T07:59:25+00:00 subinrachaelkim#00 I: Still 1 tests running : all:14:dot_product, matrix_times_vector, matrix_times_matrix.
2023-02-01T07:59:25+00:00 subinrachaelkim#00 I: 1 tests running: all:14:dot_product, matrix_times_vector, matrix_times_matrix.
2023-02-01T07:59:25+00:00 subinrachaelkim#00 I: 0 tests running: .
2023-02-01T07:59:25+00:00 subinrachaelkim#00 I: Worker subinrachaelkim#01 has ended.
2023-02-01T07:59:25+00:00 subinrachaelkim#00 I: Worker subinrachaelkim#02 died unexpectedly.
2023-02-01T07:59:25+00:00 subinrachaelkim#00 I: Used 2 worker during test execution.
2023-02-01T07:59:25+00:00 subinrachaelkim#00 I: Run 7 tests with shard subinrachaelkim#02.
2023-02-01T07:59:25+00:00 subinrachaelkim#00 I: Run 8 tests with shard subinrachaelkim#01.
2023-02-01T07:59:25+00:00 subinrachaelkim#00 I: Check health of shard subinrachaelkim#02, 5 times.
2023-02-01T07:59:25+00:00 subinrachaelkim#00 I: Check health of shard subinrachaelkim#01, 1 times.
2023-02-01T07:59:25+00:00 subinrachaelkim#00 I: ==============
2023-02-01T07:59:25+00:00 subinrachaelkim#00 I: Summary:
2023-02-01T07:59:25+00:00 subinrachaelkim#00 I: Test all:14:dot_product, matrix_times_vector, matrix_times_matrix is successful.
2023-02-01T07:59:25+00:00 subinrachaelkim#00 I: Test all:13:accumulate_n is successful.
2023-02-01T07:59:25+00:00 subinrachaelkim#00 I: Test all:12:map, append, length is successful.
2023-02-01T07:59:25+00:00 subinrachaelkim#00 I: Test all:11:subsets is successful.
2023-02-01T07:59:25+00:00 subinrachaelkim#00 I: Test all:10:insertion_sort is successful.
2023-02-01T07:59:25+00:00 subinrachaelkim#00 I: Test all:9:quicksort is successful.
2023-02-01T07:59:25+00:00 subinrachaelkim#00 I: Test all:8:deep_reverse_nested is successful.
2023-02-01T07:59:25+00:00 subinrachaelkim#00 I: Test all:7:deep_reverse is successful.
2023-02-01T07:59:25+00:00 subinrachaelkim#00 I: Test all:6:prefix_sum is successful.
2023-02-01T07:59:25+00:00 subinrachaelkim#00 I: Test all:5:power_of_two_list is successful.
2023-02-01T07:59:25+00:00 subinrachaelkim#00 I: Test all:4:count_negative_numbers is successful.
2023-02-01T07:59:25+00:00 subinrachaelkim#00 I: Test all:3:square_list2 is successful.
2023-02-01T07:59:25+00:00 subinrachaelkim#00 I: Test all:2:square_list is successful.
2023-02-01T07:59:25+00:00 subinrachaelkim#00 I: Test all:1:reverse is successful.
2023-02-01T07:59:25+00:00 subinrachaelkim#00 I: Test all:0:last_sublist is successful.
2023-02-01T07:59:25+00:00 subinrachaelkim#00 I: Ran: 15 tests in: 0.11 seconds.
2023-02-01T07:59:25+00:00 subinrachaelkim#00 I: Cases: 15.
2023-02-01T07:59:25+00:00 subinrachaelkim#00 I: Tried: 15.
2023-02-01T07:59:25+00:00 subinrachaelkim#00 I: Errors: 0.
2023-02-01T07:59:25+00:00 subinrachaelkim#00 I: Failures: 0.
2023-02-01T07:59:25+00:00 subinrachaelkim#00 I: Skip: 0.
2023-02-01T07:59:25+00:00 subinrachaelkim#00 I: Todo: 0.
2023-02-01T07:59:25+00:00 subinrachaelkim#00 I: Timeout: 0.
