2023-01-27T04:52:10+00:00 subinrachaelkim#02 I: Start test all:1:ifast_expt.
2023-01-27T04:52:10+00:00 subinrachaelkim#02 I: Test all:1:ifast_expt is successful.
2023-01-27T04:52:10+00:00 subinrachaelkim#02 I: End test all:1:ifast_expt.
2023-01-27T04:52:10+00:00 subinrachaelkim#02 I: Start test all:3:ifast_mult.
2023-01-27T04:52:10+00:00 subinrachaelkim#02 I: Test all:3:ifast_mult is successful.
2023-01-27T04:52:10+00:00 subinrachaelkim#02 I: End test all:3:ifast_mult.
2023-01-27T04:52:10+00:00 subinrachaelkim#02 I: Start test all:6:factorial_rec.
2023-01-27T04:52:10+00:00 subinrachaelkim#02 I: Test all:6:factorial_rec is successful.
2023-01-27T04:52:10+00:00 subinrachaelkim#02 I: End test all:6:factorial_rec.
2023-01-27T04:52:10+00:00 subinrachaelkim#02 I: Start test all:8:factorial_iter.
2023-01-27T04:52:10+00:00 subinrachaelkim#02 I: Test all:8:factorial_iter is successful.
2023-01-27T04:52:10+00:00 subinrachaelkim#02 I: End test all:8:factorial_iter.
2023-01-27T04:52:10+00:00 subinrachaelkim#02 I: Start test all:10:sum.
2023-01-27T04:52:10+00:00 subinrachaelkim#02 I: Test all:10:sum is successful.
2023-01-27T04:52:10+00:00 subinrachaelkim#02 I: End test all:10:sum.
2023-01-27T04:52:10+00:00 subinrachaelkim#02 I: Start test all:11:product.
2023-01-27T04:52:10+00:00 subinrachaelkim#02 I: Test all:11:product is successful.
2023-01-27T04:52:10+00:00 subinrachaelkim#02 I: End test all:11:product.
2023-01-27T04:52:10+00:00 subinrachaelkim#02 I: Start test all:14:is_prime.
2023-01-27T04:52:10+00:00 subinrachaelkim#02 I: Test all:14:is_prime is successful.
2023-01-27T04:52:10+00:00 subinrachaelkim#02 I: End test all:14:is_prime.
