2023-02-17T08:03:11+00:00 subinrachaelkim#02 I: Start test all:1:Problem B.1.b: merge3.
2023-02-17T08:03:11+00:00 subinrachaelkim#02 I: Test all:1:Problem B.1.b: merge3 is successful.
2023-02-17T08:03:11+00:00 subinrachaelkim#02 I: End test all:1:Problem B.1.b: merge3.
2023-02-17T08:03:11+00:00 subinrachaelkim#02 I: Start test all:3:Problem B.2.a: smallest_index.
2023-02-17T08:03:11+00:00 subinrachaelkim#02 I: Test all:3:Problem B.2.a: smallest_index is successful.
2023-02-17T08:03:11+00:00 subinrachaelkim#02 I: End test all:3:Problem B.2.a: smallest_index.
2023-02-17T08:03:11+00:00 subinrachaelkim#02 I: Start test all:4:Problem B.2.b: flip_n.
2023-02-17T08:03:11+00:00 subinrachaelkim#02 I: Test all:4:Problem B.2.b: flip_n is successful.
2023-02-17T08:03:11+00:00 subinrachaelkim#02 I: End test all:4:Problem B.2.b: flip_n.
2023-02-17T08:03:11+00:00 subinrachaelkim#02 I: Start test all:6:Problem B.2.d: block_sort_r.
2023-02-17T08:03:11+00:00 subinrachaelkim#02 I: Test all:6:Problem B.2.d: block_sort_r is successful.
2023-02-17T08:03:11+00:00 subinrachaelkim#02 I: End test all:6:Problem B.2.d: block_sort_r.
2023-02-17T08:03:11+00:00 subinrachaelkim#02 I: Start test all:8:Problem B.3.b: insert_r.
2023-02-17T08:03:11+00:00 subinrachaelkim#02 I: Test all:8:Problem B.3.b: insert_r is successful.
2023-02-17T08:03:11+00:00 subinrachaelkim#02 I: End test all:8:Problem B.3.b: insert_r.
2023-02-17T08:03:11+00:00 subinrachaelkim#02 I: Start test all:10:Problem B.4.b: quicksort.
2023-02-17T08:03:11+00:00 subinrachaelkim#02 I: Test all:10:Problem B.4.b: quicksort is successful.
2023-02-17T08:03:11+00:00 subinrachaelkim#02 I: End test all:10:Problem B.4.b: quicksort.
2023-02-17T08:03:11+00:00 subinrachaelkim#02 I: Start test all:12:Problem B.5.c: insertion_sort_i.
2023-02-17T08:03:11+00:00 subinrachaelkim#02 I: Test all:12:Problem B.5.c: insertion_sort_i is successful.
2023-02-17T08:03:11+00:00 subinrachaelkim#02 I: End test all:12:Problem B.5.c: insertion_sort_i.
2023-02-17T08:03:11+00:00 subinrachaelkim#02 I: Start test all:15:Problem C.2: split.
2023-02-17T08:03:11+00:00 subinrachaelkim#02 I: Test all:15:Problem C.2: split is successful.
2023-02-17T08:03:11+00:00 subinrachaelkim#02 I: End test all:15:Problem C.2: split.
