2023-02-17T08:03:11+00:00 subinrachaelkim#01 I: Start test all:0:Problem B.1.a: split3.
2023-02-17T08:03:11+00:00 subinrachaelkim#01 I: Test all:0:Problem B.1.a: split3 is successful.
2023-02-17T08:03:11+00:00 subinrachaelkim#01 I: End test all:0:Problem B.1.a: split3.
2023-02-17T08:03:11+00:00 subinrachaelkim#01 I: Start test all:2:Problem B.1.c: merge_sort3.
2023-02-17T08:03:11+00:00 subinrachaelkim#01 I: Test all:2:Problem B.1.c: merge_sort3 is successful.
2023-02-17T08:03:11+00:00 subinrachaelkim#01 I: End test all:2:Problem B.1.c: merge_sort3.
2023-02-17T08:03:11+00:00 subinrachaelkim#01 I: Start test all:5:Problem B.2.c: block_sort1.
2023-02-17T08:03:11+00:00 subinrachaelkim#01 I: Test all:5:Problem B.2.c: block_sort1 is successful.
2023-02-17T08:03:11+00:00 subinrachaelkim#01 I: End test all:5:Problem B.2.c: block_sort1.
2023-02-17T08:03:11+00:00 subinrachaelkim#01 I: Start test all:7:Problem B.2.d: block_sort_i.
2023-02-17T08:03:11+00:00 subinrachaelkim#01 I: Test all:7:Problem B.2.d: block_sort_i is successful.
2023-02-17T08:03:11+00:00 subinrachaelkim#01 I: End test all:7:Problem B.2.d: block_sort_i.
2023-02-17T08:03:11+00:00 subinrachaelkim#01 I: Start test all:9:Problem B.3.c: insertion sort.
2023-02-17T08:03:11+00:00 subinrachaelkim#01 I: Test all:9:Problem B.3.c: insertion sort is successful.
2023-02-17T08:03:11+00:00 subinrachaelkim#01 I: End test all:9:Problem B.3.c: insertion sort.
2023-02-17T08:03:11+00:00 subinrachaelkim#01 I: Start test all:11:Problem B.5.b: insert_i.
2023-02-17T08:03:11+00:00 subinrachaelkim#01 I: Test all:11:Problem B.5.b: insert_i is successful.
2023-02-17T08:03:11+00:00 subinrachaelkim#01 I: End test all:11:Problem B.5.b: insert_i.
2023-02-17T08:03:11+00:00 subinrachaelkim#01 I: Start test all:13:Problem C.1: member.
2023-02-17T08:03:11+00:00 subinrachaelkim#01 I: Test all:13:Problem C.1: member is successful.
2023-02-17T08:03:11+00:00 subinrachaelkim#01 I: End test all:13:Problem C.1: member.
2023-02-17T08:03:11+00:00 subinrachaelkim#01 I: Start test all:14:Problem C.2: skew.
2023-02-17T08:03:11+00:00 subinrachaelkim#01 I: Test all:14:Problem C.2: skew is successful.
2023-02-17T08:03:11+00:00 subinrachaelkim#01 I: End test all:14:Problem C.2: skew.
2023-02-17T08:03:11+00:00 subinrachaelkim#01 I: Start test all:16:Problem C.3: insert.
2023-02-17T08:03:11+00:00 subinrachaelkim#01 I: Test all:16:Problem C.3: insert is successful.
2023-02-17T08:03:11+00:00 subinrachaelkim#01 I: End test all:16:Problem C.3: insert.
