2023-02-17T08:03:11+00:00 subinrachaelkim#00 I: Runner: processes
2023-02-17T08:03:11+00:00 subinrachaelkim#00 I: Chooser: simple
2023-02-17T08:03:11+00:00 subinrachaelkim#00 I: Configuration suite_name = "all"
2023-02-17T08:03:11+00:00 subinrachaelkim#00 I: Configuration cache_filename = "/Users/subinrachaelkim/Caltech/CS4/HW/midterm/oUnit-$(suite_name).cache"
2023-02-17T08:03:11+00:00 subinrachaelkim#00 I: Configuration run_gc_full_major = "true"
2023-02-17T08:03:11+00:00 subinrachaelkim#00 I: Configuration display = "true"
2023-02-17T08:03:11+00:00 subinrachaelkim#00 I: Configuration results_style_1_X = "false"
2023-02-17T08:03:11+00:00 subinrachaelkim#00 I: Configuration testdata_dir = "none"
2023-02-17T08:03:11+00:00 subinrachaelkim#00 I: Configuration health_check_interval = "1."
2023-02-17T08:03:11+00:00 subinrachaelkim#00 I: Configuration verbose = "false"
2023-02-17T08:03:11+00:00 subinrachaelkim#00 I: Configuration chooser = "simple"
2023-02-17T08:03:11+00:00 subinrachaelkim#00 I: Configuration output_html_dir = "none"
2023-02-17T08:03:11+00:00 subinrachaelkim#00 I: Configuration processes_kill_period = "5."
2023-02-17T08:03:11+00:00 subinrachaelkim#00 I: Configuration runner = "processes"
2023-02-17T08:03:11+00:00 subinrachaelkim#00 I: Configuration shards = "2"
2023-02-17T08:03:11+00:00 subinrachaelkim#00 I: Configuration processes_grace_period = "5."
2023-02-17T08:03:11+00:00 subinrachaelkim#00 I: Configuration log_encoding = "utf-8"
2023-02-17T08:03:11+00:00 subinrachaelkim#00 I: Configuration output_junit_file = "none"
2023-02-17T08:03:11+00:00 subinrachaelkim#00 I: Configuration ci = "false"
2023-02-17T08:03:11+00:00 subinrachaelkim#00 I: Configuration output_file = "/Users/subinrachaelkim/Caltech/CS4/HW/midterm/oUnit-$(suite_name)-$(shard_id).log"
2023-02-17T08:03:11+00:00 subinrachaelkim#00 I: Using 2 workers maximum.
2023-02-17T08:03:11+00:00 subinrachaelkim#00 I: Starting worker number subinrachaelkim#01.
2023-02-17T08:03:11+00:00 subinrachaelkim#00 I: Worker subinrachaelkim#01 started.
2023-02-17T08:03:11+00:00 subinrachaelkim#00 I: Starting worker number subinrachaelkim#02.
2023-02-17T08:03:11+00:00 subinrachaelkim#00 I: Worker subinrachaelkim#02 started.
2023-02-17T08:03:11+00:00 subinrachaelkim#00 I: 2 tests running: all:1:Problem B.1.b: merge3, all:0:Problem B.1.a: split3.
2023-02-17T08:03:11+00:00 subinrachaelkim#01 I: Start test all:0:Problem B.1.a: split3.
2023-02-17T08:03:11+00:00 subinrachaelkim#00 I: 2 tests running: all:1:Problem B.1.b: merge3, all:0:Problem B.1.a: split3.
2023-02-17T08:03:11+00:00 subinrachaelkim#02 I: Start test all:1:Problem B.1.b: merge3.
2023-02-17T08:03:11+00:00 subinrachaelkim#00 I: 2 tests running: all:1:Problem B.1.b: merge3, all:0:Problem B.1.a: split3.
2023-02-17T08:03:11+00:00 subinrachaelkim#01 I: Test all:0:Problem B.1.a: split3 is successful.
2023-02-17T08:03:11+00:00 subinrachaelkim#00 I: 2 tests running: all:1:Problem B.1.b: merge3, all:0:Problem B.1.a: split3.
2023-02-17T08:03:11+00:00 subinrachaelkim#01 I: End test all:0:Problem B.1.a: split3.
2023-02-17T08:03:11+00:00 subinrachaelkim#00 I: 2 tests running: all:1:Problem B.1.b: merge3, all:0:Problem B.1.a: split3.
2023-02-17T08:03:11+00:00 subinrachaelkim#00 I: 2 tests running: all:2:Problem B.1.c: merge_sort3, all:1:Problem B.1.b: merge3.
2023-02-17T08:03:11+00:00 subinrachaelkim#01 I: Start test all:2:Problem B.1.c: merge_sort3.
2023-02-17T08:03:11+00:00 subinrachaelkim#00 I: 2 tests running: all:2:Problem B.1.c: merge_sort3, all:1:Problem B.1.b: merge3.
2023-02-17T08:03:11+00:00 subinrachaelkim#02 I: Test all:1:Problem B.1.b: merge3 is successful.
2023-02-17T08:03:11+00:00 subinrachaelkim#00 I: 2 tests running: all:2:Problem B.1.c: merge_sort3, all:1:Problem B.1.b: merge3.
2023-02-17T08:03:11+00:00 subinrachaelkim#02 I: End test all:1:Problem B.1.b: merge3.
2023-02-17T08:03:11+00:00 subinrachaelkim#00 I: 2 tests running: all:2:Problem B.1.c: merge_sort3, all:1:Problem B.1.b: merge3.
2023-02-17T08:03:11+00:00 subinrachaelkim#00 I: 2 tests running: all:3:Problem B.2.a: smallest_index, all:2:Problem B.1.c: merge_sort3.
2023-02-17T08:03:11+00:00 subinrachaelkim#02 I: Start test all:3:Problem B.2.a: smallest_index.
2023-02-17T08:03:11+00:00 subinrachaelkim#00 I: 2 tests running: all:3:Problem B.2.a: smallest_index, all:2:Problem B.1.c: merge_sort3.
2023-02-17T08:03:11+00:00 subinrachaelkim#02 I: Test all:3:Problem B.2.a: smallest_index is successful.
2023-02-17T08:03:11+00:00 subinrachaelkim#00 I: 2 tests running: all:3:Problem B.2.a: smallest_index, all:2:Problem B.1.c: merge_sort3.
2023-02-17T08:03:11+00:00 subinrachaelkim#02 I: End test all:3:Problem B.2.a: smallest_index.
2023-02-17T08:03:11+00:00 subinrachaelkim#00 I: 2 tests running: all:3:Problem B.2.a: smallest_index, all:2:Problem B.1.c: merge_sort3.
2023-02-17T08:03:11+00:00 subinrachaelkim#00 I: 2 tests running: all:4:Problem B.2.b: flip_n, all:2:Problem B.1.c: merge_sort3.
2023-02-17T08:03:11+00:00 subinrachaelkim#02 I: Start test all:4:Problem B.2.b: flip_n.
2023-02-17T08:03:11+00:00 subinrachaelkim#00 I: 2 tests running: all:4:Problem B.2.b: flip_n, all:2:Problem B.1.c: merge_sort3.
2023-02-17T08:03:11+00:00 subinrachaelkim#01 I: Test all:2:Problem B.1.c: merge_sort3 is successful.
2023-02-17T08:03:11+00:00 subinrachaelkim#00 I: 2 tests running: all:4:Problem B.2.b: flip_n, all:2:Problem B.1.c: merge_sort3.
2023-02-17T08:03:11+00:00 subinrachaelkim#01 I: End test all:2:Problem B.1.c: merge_sort3.
2023-02-17T08:03:11+00:00 subinrachaelkim#00 I: 2 tests running: all:4:Problem B.2.b: flip_n, all:2:Problem B.1.c: merge_sort3.
2023-02-17T08:03:11+00:00 subinrachaelkim#00 I: 2 tests running: all:5:Problem B.2.c: block_sort1, all:4:Problem B.2.b: flip_n.
2023-02-17T08:03:11+00:00 subinrachaelkim#01 I: Start test all:5:Problem B.2.c: block_sort1.
2023-02-17T08:03:11+00:00 subinrachaelkim#00 I: 2 tests running: all:5:Problem B.2.c: block_sort1, all:4:Problem B.2.b: flip_n.
2023-02-17T08:03:11+00:00 subinrachaelkim#02 I: Test all:4:Problem B.2.b: flip_n is successful.
2023-02-17T08:03:11+00:00 subinrachaelkim#00 I: 2 tests running: all:5:Problem B.2.c: block_sort1, all:4:Problem B.2.b: flip_n.
2023-02-17T08:03:11+00:00 subinrachaelkim#02 I: End test all:4:Problem B.2.b: flip_n.
2023-02-17T08:03:11+00:00 subinrachaelkim#00 I: 2 tests running: all:5:Problem B.2.c: block_sort1, all:4:Problem B.2.b: flip_n.
2023-02-17T08:03:11+00:00 subinrachaelkim#00 I: 2 tests running: all:6:Problem B.2.d: block_sort_r, all:5:Problem B.2.c: block_sort1.
2023-02-17T08:03:11+00:00 subinrachaelkim#02 I: Start test all:6:Problem B.2.d: block_sort_r.
2023-02-17T08:03:11+00:00 subinrachaelkim#00 I: 2 tests running: all:6:Problem B.2.d: block_sort_r, all:5:Problem B.2.c: block_sort1.
2023-02-17T08:03:11+00:00 subinrachaelkim#01 I: Test all:5:Problem B.2.c: block_sort1 is successful.
2023-02-17T08:03:11+00:00 subinrachaelkim#00 I: 2 tests running: all:6:Problem B.2.d: block_sort_r, all:5:Problem B.2.c: block_sort1.
2023-02-17T08:03:11+00:00 subinrachaelkim#01 I: End test all:5:Problem B.2.c: block_sort1.
2023-02-17T08:03:11+00:00 subinrachaelkim#00 I: 2 tests running: all:6:Problem B.2.d: block_sort_r, all:5:Problem B.2.c: block_sort1.
2023-02-17T08:03:11+00:00 subinrachaelkim#00 I: 2 tests running: all:7:Problem B.2.d: block_sort_i, all:6:Problem B.2.d: block_sort_r.
2023-02-17T08:03:11+00:00 subinrachaelkim#01 I: Start test all:7:Problem B.2.d: block_sort_i.
2023-02-17T08:03:11+00:00 subinrachaelkim#00 I: 2 tests running: all:7:Problem B.2.d: block_sort_i, all:6:Problem B.2.d: block_sort_r.
2023-02-17T08:03:11+00:00 subinrachaelkim#02 I: Test all:6:Problem B.2.d: block_sort_r is successful.
2023-02-17T08:03:11+00:00 subinrachaelkim#00 I: 2 tests running: all:7:Problem B.2.d: block_sort_i, all:6:Problem B.2.d: block_sort_r.
2023-02-17T08:03:11+00:00 subinrachaelkim#02 I: End test all:6:Problem B.2.d: block_sort_r.
2023-02-17T08:03:11+00:00 subinrachaelkim#00 I: 2 tests running: all:7:Problem B.2.d: block_sort_i, all:6:Problem B.2.d: block_sort_r.
2023-02-17T08:03:11+00:00 subinrachaelkim#00 I: 2 tests running: all:8:Problem B.3.b: insert_r, all:7:Problem B.2.d: block_sort_i.
2023-02-17T08:03:11+00:00 subinrachaelkim#02 I: Start test all:8:Problem B.3.b: insert_r.
2023-02-17T08:03:11+00:00 subinrachaelkim#00 I: 2 tests running: all:8:Problem B.3.b: insert_r, all:7:Problem B.2.d: block_sort_i.
2023-02-17T08:03:11+00:00 subinrachaelkim#01 I: Test all:7:Problem B.2.d: block_sort_i is successful.
2023-02-17T08:03:11+00:00 subinrachaelkim#00 I: 2 tests running: all:8:Problem B.3.b: insert_r, all:7:Problem B.2.d: block_sort_i.
2023-02-17T08:03:11+00:00 subinrachaelkim#01 I: End test all:7:Problem B.2.d: block_sort_i.
2023-02-17T08:03:11+00:00 subinrachaelkim#00 I: 2 tests running: all:8:Problem B.3.b: insert_r, all:7:Problem B.2.d: block_sort_i.
2023-02-17T08:03:11+00:00 subinrachaelkim#00 I: 2 tests running: all:9:Problem B.3.c: insertion sort, all:8:Problem B.3.b: insert_r.
2023-02-17T08:03:11+00:00 subinrachaelkim#01 I: Start test all:9:Problem B.3.c: insertion sort.
2023-02-17T08:03:11+00:00 subinrachaelkim#00 I: 2 tests running: all:9:Problem B.3.c: insertion sort, all:8:Problem B.3.b: insert_r.
2023-02-17T08:03:11+00:00 subinrachaelkim#02 I: Test all:8:Problem B.3.b: insert_r is successful.
2023-02-17T08:03:11+00:00 subinrachaelkim#00 I: 2 tests running: all:9:Problem B.3.c: insertion sort, all:8:Problem B.3.b: insert_r.
2023-02-17T08:03:11+00:00 subinrachaelkim#02 I: End test all:8:Problem B.3.b: insert_r.
2023-02-17T08:03:11+00:00 subinrachaelkim#00 I: 2 tests running: all:9:Problem B.3.c: insertion sort, all:8:Problem B.3.b: insert_r.
2023-02-17T08:03:11+00:00 subinrachaelkim#00 I: 2 tests running: all:10:Problem B.4.b: quicksort, all:9:Problem B.3.c: insertion sort.
2023-02-17T08:03:11+00:00 subinrachaelkim#02 I: Start test all:10:Problem B.4.b: quicksort.
2023-02-17T08:03:11+00:00 subinrachaelkim#00 I: 2 tests running: all:10:Problem B.4.b: quicksort, all:9:Problem B.3.c: insertion sort.
2023-02-17T08:03:11+00:00 subinrachaelkim#01 I: Test all:9:Problem B.3.c: insertion sort is successful.
2023-02-17T08:03:11+00:00 subinrachaelkim#00 I: 2 tests running: all:10:Problem B.4.b: quicksort, all:9:Problem B.3.c: insertion sort.
2023-02-17T08:03:11+00:00 subinrachaelkim#01 I: End test all:9:Problem B.3.c: insertion sort.
2023-02-17T08:03:11+00:00 subinrachaelkim#00 I: 2 tests running: all:10:Problem B.4.b: quicksort, all:9:Problem B.3.c: insertion sort.
2023-02-17T08:03:11+00:00 subinrachaelkim#00 I: 2 tests running: all:11:Problem B.5.b: insert_i, all:10:Problem B.4.b: quicksort.
2023-02-17T08:03:11+00:00 subinrachaelkim#01 I: Start test all:11:Problem B.5.b: insert_i.
2023-02-17T08:03:11+00:00 subinrachaelkim#00 I: 2 tests running: all:11:Problem B.5.b: insert_i, all:10:Problem B.4.b: quicksort.
2023-02-17T08:03:11+00:00 subinrachaelkim#02 I: Test all:10:Problem B.4.b: quicksort is successful.
2023-02-17T08:03:11+00:00 subinrachaelkim#00 I: 2 tests running: all:11:Problem B.5.b: insert_i, all:10:Problem B.4.b: quicksort.
2023-02-17T08:03:11+00:00 subinrachaelkim#02 I: End test all:10:Problem B.4.b: quicksort.
2023-02-17T08:03:11+00:00 subinrachaelkim#00 I: 2 tests running: all:11:Problem B.5.b: insert_i, all:10:Problem B.4.b: quicksort.
2023-02-17T08:03:11+00:00 subinrachaelkim#00 I: 2 tests running: all:12:Problem B.5.c: insertion_sort_i, all:11:Problem B.5.b: insert_i.
2023-02-17T08:03:11+00:00 subinrachaelkim#02 I: Start test all:12:Problem B.5.c: insertion_sort_i.
2023-02-17T08:03:11+00:00 subinrachaelkim#00 I: 2 tests running: all:12:Problem B.5.c: insertion_sort_i, all:11:Problem B.5.b: insert_i.
2023-02-17T08:03:11+00:00 subinrachaelkim#01 I: Test all:11:Problem B.5.b: insert_i is successful.
2023-02-17T08:03:11+00:00 subinrachaelkim#00 I: 2 tests running: all:12:Problem B.5.c: insertion_sort_i, all:11:Problem B.5.b: insert_i.
2023-02-17T08:03:11+00:00 subinrachaelkim#01 I: End test all:11:Problem B.5.b: insert_i.
2023-02-17T08:03:11+00:00 subinrachaelkim#00 I: 2 tests running: all:12:Problem B.5.c: insertion_sort_i, all:11:Problem B.5.b: insert_i.
2023-02-17T08:03:11+00:00 subinrachaelkim#00 I: 2 tests running: all:13:Problem C.1: member, all:12:Problem B.5.c: insertion_sort_i.
2023-02-17T08:03:11+00:00 subinrachaelkim#01 I: Start test all:13:Problem C.1: member.
2023-02-17T08:03:11+00:00 subinrachaelkim#00 I: 2 tests running: all:13:Problem C.1: member, all:12:Problem B.5.c: insertion_sort_i.
2023-02-17T08:03:11+00:00 subinrachaelkim#01 I: Test all:13:Problem C.1: member is successful.
2023-02-17T08:03:11+00:00 subinrachaelkim#00 I: 2 tests running: all:13:Problem C.1: member, all:12:Problem B.5.c: insertion_sort_i.
2023-02-17T08:03:11+00:00 subinrachaelkim#01 I: End test all:13:Problem C.1: member.
2023-02-17T08:03:11+00:00 subinrachaelkim#00 I: 2 tests running: all:13:Problem C.1: member, all:12:Problem B.5.c: insertion_sort_i.
2023-02-17T08:03:11+00:00 subinrachaelkim#00 I: 2 tests running: all:14:Problem C.2: skew, all:12:Problem B.5.c: insertion_sort_i.
2023-02-17T08:03:11+00:00 subinrachaelkim#01 I: Start test all:14:Problem C.2: skew.
2023-02-17T08:03:11+00:00 subinrachaelkim#00 I: 2 tests running: all:14:Problem C.2: skew, all:12:Problem B.5.c: insertion_sort_i.
2023-02-17T08:03:11+00:00 subinrachaelkim#02 I: Test all:12:Problem B.5.c: insertion_sort_i is successful.
2023-02-17T08:03:11+00:00 subinrachaelkim#00 I: 2 tests running: all:14:Problem C.2: skew, all:12:Problem B.5.c: insertion_sort_i.
2023-02-17T08:03:11+00:00 subinrachaelkim#02 I: End test all:12:Problem B.5.c: insertion_sort_i.
2023-02-17T08:03:11+00:00 subinrachaelkim#00 I: 2 tests running: all:14:Problem C.2: skew, all:12:Problem B.5.c: insertion_sort_i.
2023-02-17T08:03:11+00:00 subinrachaelkim#00 I: 2 tests running: all:15:Problem C.2: split, all:14:Problem C.2: skew.
2023-02-17T08:03:11+00:00 subinrachaelkim#02 I: Start test all:15:Problem C.2: split.
2023-02-17T08:03:11+00:00 subinrachaelkim#00 I: 2 tests running: all:15:Problem C.2: split, all:14:Problem C.2: skew.
2023-02-17T08:03:11+00:00 subinrachaelkim#01 I: Test all:14:Problem C.2: skew is successful.
2023-02-17T08:03:11+00:00 subinrachaelkim#00 I: 2 tests running: all:15:Problem C.2: split, all:14:Problem C.2: skew.
2023-02-17T08:03:11+00:00 subinrachaelkim#01 I: End test all:14:Problem C.2: skew.
2023-02-17T08:03:11+00:00 subinrachaelkim#00 I: 2 tests running: all:15:Problem C.2: split, all:14:Problem C.2: skew.
2023-02-17T08:03:11+00:00 subinrachaelkim#00 I: Still 2 tests running : all:16:Problem C.3: insert, all:15:Problem C.2: split.
2023-02-17T08:03:11+00:00 subinrachaelkim#00 I: 2 tests running: all:16:Problem C.3: insert, all:15:Problem C.2: split.
2023-02-17T08:03:11+00:00 subinrachaelkim#01 I: Start test all:16:Problem C.3: insert.
2023-02-17T08:03:11+00:00 subinrachaelkim#00 I: Still 2 tests running : all:16:Problem C.3: insert, all:15:Problem C.2: split.
2023-02-17T08:03:11+00:00 subinrachaelkim#00 I: 2 tests running: all:16:Problem C.3: insert, all:15:Problem C.2: split.
2023-02-17T08:03:11+00:00 subinrachaelkim#02 I: Test all:15:Problem C.2: split is successful.
2023-02-17T08:03:11+00:00 subinrachaelkim#00 I: Still 2 tests running : all:16:Problem C.3: insert, all:15:Problem C.2: split.
2023-02-17T08:03:11+00:00 subinrachaelkim#00 I: 2 tests running: all:16:Problem C.3: insert, all:15:Problem C.2: split.
2023-02-17T08:03:11+00:00 subinrachaelkim#02 I: End test all:15:Problem C.2: split.
2023-02-17T08:03:11+00:00 subinrachaelkim#00 I: Still 2 tests running : all:16:Problem C.3: insert, all:15:Problem C.2: split.
2023-02-17T08:03:11+00:00 subinrachaelkim#00 I: 2 tests running: all:16:Problem C.3: insert, all:15:Problem C.2: split.
2023-02-17T08:03:11+00:00 subinrachaelkim#00 I: Still 1 tests running : all:16:Problem C.3: insert.
2023-02-17T08:03:11+00:00 subinrachaelkim#00 I: 1 tests running: all:16:Problem C.3: insert.
2023-02-17T08:03:11+00:00 subinrachaelkim#01 I: Test all:16:Problem C.3: insert is successful.
2023-02-17T08:03:11+00:00 subinrachaelkim#00 I: Still 1 tests running : all:16:Problem C.3: insert.
2023-02-17T08:03:11+00:00 subinrachaelkim#00 I: 1 tests running: all:16:Problem C.3: insert.
2023-02-17T08:03:11+00:00 subinrachaelkim#01 I: End test all:16:Problem C.3: insert.
2023-02-17T08:03:11+00:00 subinrachaelkim#00 I: Still 1 tests running : all:16:Problem C.3: insert.
2023-02-17T08:03:11+00:00 subinrachaelkim#00 I: 1 tests running: all:16:Problem C.3: insert.
2023-02-17T08:03:11+00:00 subinrachaelkim#00 I: 0 tests running: .
2023-02-17T08:03:11+00:00 subinrachaelkim#00 I: Worker subinrachaelkim#02 has ended.
2023-02-17T08:03:11+00:00 subinrachaelkim#00 I: Worker subinrachaelkim#01 has ended.
2023-02-17T08:03:11+00:00 subinrachaelkim#00 I: Used 2 worker during test execution.
2023-02-17T08:03:11+00:00 subinrachaelkim#00 I: Run 8 tests with shard subinrachaelkim#02.
2023-02-17T08:03:11+00:00 subinrachaelkim#00 I: Run 9 tests with shard subinrachaelkim#01.
2023-02-17T08:03:11+00:00 subinrachaelkim#00 I: Check health of shard subinrachaelkim#02, 4 times.
2023-02-17T08:03:11+00:00 subinrachaelkim#00 I: Check health of shard subinrachaelkim#01, 1 times.
2023-02-17T08:03:11+00:00 subinrachaelkim#00 I: ==============
2023-02-17T08:03:11+00:00 subinrachaelkim#00 I: Summary:
2023-02-17T08:03:11+00:00 subinrachaelkim#00 I: Test all:16:Problem C.3: insert is successful.
2023-02-17T08:03:11+00:00 subinrachaelkim#00 I: Test all:15:Problem C.2: split is successful.
2023-02-17T08:03:11+00:00 subinrachaelkim#00 I: Test all:14:Problem C.2: skew is successful.
2023-02-17T08:03:11+00:00 subinrachaelkim#00 I: Test all:12:Problem B.5.c: insertion_sort_i is successful.
2023-02-17T08:03:11+00:00 subinrachaelkim#00 I: Test all:13:Problem C.1: member is successful.
2023-02-17T08:03:11+00:00 subinrachaelkim#00 I: Test all:11:Problem B.5.b: insert_i is successful.
2023-02-17T08:03:11+00:00 subinrachaelkim#00 I: Test all:10:Problem B.4.b: quicksort is successful.
2023-02-17T08:03:11+00:00 subinrachaelkim#00 I: Test all:9:Problem B.3.c: insertion sort is successful.
2023-02-17T08:03:11+00:00 subinrachaelkim#00 I: Test all:8:Problem B.3.b: insert_r is successful.
2023-02-17T08:03:11+00:00 subinrachaelkim#00 I: Test all:7:Problem B.2.d: block_sort_i is successful.
2023-02-17T08:03:11+00:00 subinrachaelkim#00 I: Test all:6:Problem B.2.d: block_sort_r is successful.
2023-02-17T08:03:11+00:00 subinrachaelkim#00 I: Test all:5:Problem B.2.c: block_sort1 is successful.
2023-02-17T08:03:11+00:00 subinrachaelkim#00 I: Test all:4:Problem B.2.b: flip_n is successful.
2023-02-17T08:03:11+00:00 subinrachaelkim#00 I: Test all:2:Problem B.1.c: merge_sort3 is successful.
2023-02-17T08:03:11+00:00 subinrachaelkim#00 I: Test all:3:Problem B.2.a: smallest_index is successful.
2023-02-17T08:03:11+00:00 subinrachaelkim#00 I: Test all:1:Problem B.1.b: merge3 is successful.
2023-02-17T08:03:11+00:00 subinrachaelkim#00 I: Test all:0:Problem B.1.a: split3 is successful.
2023-02-17T08:03:11+00:00 subinrachaelkim#00 I: Ran: 17 tests in: 0.12 seconds.
2023-02-17T08:03:11+00:00 subinrachaelkim#00 I: Cases: 17.
2023-02-17T08:03:11+00:00 subinrachaelkim#00 I: Tried: 17.
2023-02-17T08:03:11+00:00 subinrachaelkim#00 I: Errors: 0.
2023-02-17T08:03:11+00:00 subinrachaelkim#00 I: Failures: 0.
2023-02-17T08:03:11+00:00 subinrachaelkim#00 I: Skip: 0.
2023-02-17T08:03:11+00:00 subinrachaelkim#00 I: Todo: 0.
2023-02-17T08:03:11+00:00 subinrachaelkim#00 I: Timeout: 0.
